{"level":"error","message":{"description":"The new password can not be the same that the previous one","status":400}}
{"level":"error","message":{"description":"The new password can not be the same that the previous one","status":400}}
{"level":"error","message":{"description":"The new password can not be the same that the previous one","status":400}}
{"level":"error","message":{"description":"The new password can not be the same that the previous one","status":400}}
{"level":"error","message":{"description":"The new password can not be the same that the previous one","status":400}}
{"level":"error","message":{"description":"The new password can not be the same that the previous one","status":400}}
{"level":"error","message":{"description":"The new password can not be the same that the previous one","status":400}}
{"level":"error","message":{"description":"The new password can not be the same that the previous one","status":400}}
{"level":"error","message":{"description":"The new password can not be the same that the previous one","status":400}}
{"level":"error","message":{"description":"The new password can not be the same that the previous one","status":400}}
{"level":"error","message":{"description":"The new password can not be the same that the previous one","status":400}}
{"level":"error","message":{"description":"The new password can not be the same that the previous one","status":400}}
{"level":"error","message":{"description":"The new password can not be the same that the previous one","status":400}}
{"level":"error","message":{"description":"The new password can not be the same that the previous one","status":400}}
{"level":"error","message":{"description":"The new password can not be the same that the previous one","status":400}}
{"level":"error","message":{"description":"The new password can not be the same that the previous one","status":400}}
{"level":"error","message":{"description":"The new password can not be the same that the previous one","status":400}}
{"level":"error","message":{"description":"The new password can not be the same that the previous one","status":400}}
{"level":"error","message":{"description":"The new password can not be the same that the previous one","status":400}}
{"level":"error","message":{"description":"The new password can not be the same that the previous one","status":400}}
{"level":"error","message":{"description":"The new password can not be the same that the previous one","status":400}}
{"level":"error","message":{"description":"The new password can not be the same that the previous one","status":400}}
{"level":"error","message":{"description":"Email and password are required","status":400}}
{"level":"error","message":{"description":"Email and password are required","status":400}}
{"level":"error","message":{"description":"Email and password are required","status":400}}
{"level":"error","message":{"description":"Email and password are required","status":400}}
{"level":"error","message":{"description":"Email and password are required","status":400}}
{"level":"error","message":{"description":"Email and password are required","status":400}}
{"level":"error","message":{"description":"The new password can not be the same that the previous one","status":400}}
{"level":"error","message":{"description":"The new password can not be the same that the previous one","status":400}}
{"level":"error","message":{"description":"The new password can not be the same that the previous one","status":400}}
{"level":"error","message":{"description":"The new password can not be the same that the previous one","status":400}}
{"level":"error","message":{"description":"The new password can not be the same that the previous one","status":400}}
{"level":"error","message":{"description":"The new password can not be the same that the previous one","status":403}}
{"level":"error","message":{"description":"The new password can not be the same that the previous one","status":403}}
{"level":"error","message":{"description":"The new password can not be the same that the previous one","status":403}}
{"level":"error","message":{"description":"The new password can not be the same that the previous one","status":403}}
{"level":"error","message":{"description":"The new password can not be the same that the previous one","status":400}}
{"level":"error","message":{"description":"The new password can not be the same that the previous one","status":403}}
{"level":"error","message":{"description":"The new password can not be the same that the previous one","status":403}}
{"level":"error","message":{"description":403,"status":500}}
{"level":"error"}
{"level":"error"}
{"level":"error","message":{"description":"Expired token","status":400}}
{"level":"error","message":{"description":"Expired token","status":403}}
